This file contains any messages produced by compilers while
running configure, to aid debugging if configure makes a mistake.

It was created by TheForgottenServer configure 0.4.3777, which was
generated by GNU Autoconf 2.68.  Invocation command line was

  $ ./configure --enable-mysql --enable-root-permission

## --------- ##
## Platform. ##
## --------- ##

hostname = lucas
uname -m = x86_64
uname -r = 3.13.0-66-generic
uname -s = Linux
uname -v = #108~precise1-Ubuntu SMP Thu Oct 8 10:07:36 UTC 2015

/usr/bin/uname -p = unknown
/bin/uname -X     = unknown

/bin/arch              = unknown
/usr/bin/arch -k       = unknown
/usr/convex/getsysinfo = unknown
/usr/bin/hostinfo      = unknown
/bin/machine           = unknown
/usr/bin/oslevel       = unknown
/bin/universe          = unknown

PATH: /usr/local/sbin
PATH: /usr/local/bin
PATH: /usr/sbin
PATH: /usr/bin
PATH: /sbin
PATH: /bin
PATH: /usr/bin/X11


## ----------- ##
## Core tests. ##
## ----------- ##

configure:2418: checking for a BSD-compatible install
configure:2486: result: /usr/bin/install -c
configure:2497: checking whether build environment is sane
configure:2547: result: yes
configure:2688: checking for a thread-safe mkdir -p
configure:2727: result: /bin/mkdir -p
configure:2740: checking for gawk
configure:2756: found /usr/bin/gawk
configure:2767: result: gawk
configure:2778: checking whether make sets $(MAKE)
configure:2800: result: yes
configure:2829: checking whether make supports nested variables
configure:2846: result: yes
configure:2933: checking whether make supports nested variables
configure:2950: result: yes
configure:3020: checking for g++
configure:3036: found /usr/bin/g++
configure:3047: result: g++
configure:3074: checking for C++ compiler version
configure:3083: g++ --version >&5
g++ (Ubuntu/Linaro 4.6.3-1ubuntu5) 4.6.3
Copyright (C) 2011 Free Software Foundation, Inc.
This is free software; see the source for copying conditions.  There is NO
warranty; not even for MERCHANTABILITY or FITNESS FOR A PARTICULAR PURPOSE.

configure:3094: $? = 0
configure:3083: g++ -v >&5
Using built-in specs.
COLLECT_GCC=g++
COLLECT_LTO_WRAPPER=/usr/lib/gcc/x86_64-linux-gnu/4.6/lto-wrapper
Target: x86_64-linux-gnu
Configured with: ../src/configure -v --with-pkgversion='Ubuntu/Linaro 4.6.3-1ubuntu5' --with-bugurl=file:///usr/share/doc/gcc-4.6/README.Bugs --enable-languages=c,c++,fortran,objc,obj-c++ --prefix=/usr --program-suffix=-4.6 --enable-shared --enable-linker-build-id --with-system-zlib --libexecdir=/usr/lib --without-included-gettext --enable-threads=posix --with-gxx-include-dir=/usr/include/c++/4.6 --libdir=/usr/lib --enable-nls --with-sysroot=/ --enable-clocale=gnu --enable-libstdcxx-debug --enable-libstdcxx-time=yes --enable-gnu-unique-object --enable-plugin --enable-objc-gc --disable-werror --with-arch-32=i686 --with-tune=generic --enable-checking=release --build=x86_64-linux-gnu --host=x86_64-linux-gnu --target=x86_64-linux-gnu
Thread model: posix
gcc version 4.6.3 (Ubuntu/Linaro 4.6.3-1ubuntu5) 
configure:3094: $? = 0
configure:3083: g++ -V >&5
g++: error: unrecognized option '-V'
g++: fatal error: no input files
compilation terminated.
configure:3094: $? = 4
configure:3083: g++ -qversion >&5
g++: error: unrecognized option '-qversion'
g++: fatal error: no input files
compilation terminated.
configure:3094: $? = 4
configure:3114: checking whether the C++ compiler works
configure:3136: g++    conftest.cpp  >&5
configure:3140: $? = 0
configure:3188: result: yes
configure:3191: checking for C++ compiler default output file name
configure:3193: result: a.out
configure:3199: checking for suffix of executables
configure:3206: g++ -o conftest    conftest.cpp  >&5
configure:3210: $? = 0
configure:3232: result: 
configure:3254: checking whether we are cross compiling
configure:3262: g++ -o conftest    conftest.cpp  >&5
configure:3266: $? = 0
configure:3273: ./conftest
configure:3277: $? = 0
configure:3292: result: no
configure:3297: checking for suffix of object files
configure:3319: g++ -c   conftest.cpp >&5
configure:3323: $? = 0
configure:3344: result: o
configure:3348: checking whether we are using the GNU C++ compiler
configure:3367: g++ -c   conftest.cpp >&5
configure:3367: $? = 0
configure:3376: result: yes
configure:3385: checking whether g++ accepts -g
configure:3405: g++ -c -g  conftest.cpp >&5
configure:3405: $? = 0
configure:3446: result: yes
configure:3480: checking for style of include used by make
configure:3508: result: GNU
configure:3534: checking dependency style of g++
configure:3645: result: gcc3
configure:3893: checking how to run the C++ preprocessor
configure:3920: g++ -E  conftest.cpp
configure:3920: $? = 0
configure:3934: g++ -E  conftest.cpp
conftest.cpp:11:28: fatal error: ac_nonexistent.h: No such file or directory
compilation terminated.
configure:3934: $? = 1
configure: failed program was:
| /* confdefs.h */
| #define PACKAGE_NAME "TheForgottenServer"
| #define PACKAGE_TARNAME "theforgottenserver"
| #define PACKAGE_VERSION "0.4.3777"
| #define PACKAGE_STRING "TheForgottenServer 0.4.3777"
| #define PACKAGE_BUGREPORT ""
| #define PACKAGE_URL ""
| #define PACKAGE "theforgottenserver"
| #define VERSION "0.4.3777"
| /* end confdefs.h.  */
| #include <ac_nonexistent.h>
configure:3959: result: g++ -E
configure:3979: g++ -E  conftest.cpp
configure:3979: $? = 0
configure:3993: g++ -E  conftest.cpp
conftest.cpp:11:28: fatal error: ac_nonexistent.h: No such file or directory
compilation terminated.
configure:3993: $? = 1
configure: failed program was:
| /* confdefs.h */
| #define PACKAGE_NAME "TheForgottenServer"
| #define PACKAGE_TARNAME "theforgottenserver"
| #define PACKAGE_VERSION "0.4.3777"
| #define PACKAGE_STRING "TheForgottenServer 0.4.3777"
| #define PACKAGE_BUGREPORT ""
| #define PACKAGE_URL ""
| #define PACKAGE "theforgottenserver"
| #define VERSION "0.4.3777"
| /* end confdefs.h.  */
| #include <ac_nonexistent.h>
configure:4022: checking for grep that handles long lines and -e
configure:4080: result: /bin/grep
configure:4085: checking for egrep
configure:4147: result: /bin/grep -E
configure:4152: checking for ANSI C header files
configure:4172: g++ -c -g -O2  conftest.cpp >&5
configure:4172: $? = 0
configure:4245: g++ -o conftest -g -O2   conftest.cpp  >&5
configure:4245: $? = 0
configure:4245: ./conftest
configure:4245: $? = 0
configure:4256: result: yes
configure:4269: checking for sys/types.h
configure:4269: g++ -c -g -O2  conftest.cpp >&5
configure:4269: $? = 0
configure:4269: result: yes
configure:4269: checking for sys/stat.h
configure:4269: g++ -c -g -O2  conftest.cpp >&5
configure:4269: $? = 0
configure:4269: result: yes
configure:4269: checking for stdlib.h
configure:4269: g++ -c -g -O2  conftest.cpp >&5
configure:4269: $? = 0
configure:4269: result: yes
configure:4269: checking for string.h
configure:4269: g++ -c -g -O2  conftest.cpp >&5
configure:4269: $? = 0
configure:4269: result: yes
configure:4269: checking for memory.h
configure:4269: g++ -c -g -O2  conftest.cpp >&5
configure:4269: $? = 0
configure:4269: result: yes
configure:4269: checking for strings.h
configure:4269: g++ -c -g -O2  conftest.cpp >&5
configure:4269: $? = 0
configure:4269: result: yes
configure:4269: checking for inttypes.h
configure:4269: g++ -c -g -O2  conftest.cpp >&5
configure:4269: $? = 0
configure:4269: result: yes
configure:4269: checking for stdint.h
configure:4269: g++ -c -g -O2  conftest.cpp >&5
configure:4269: $? = 0
configure:4269: result: yes
configure:4269: checking for unistd.h
configure:4269: g++ -c -g -O2  conftest.cpp >&5
configure:4269: $? = 0
configure:4269: result: yes
configure:4284: checking arpa/inet.h usability
configure:4284: g++ -c -g -O2  conftest.cpp >&5
configure:4284: $? = 0
configure:4284: result: yes
configure:4284: checking arpa/inet.h presence
configure:4284: g++ -E  conftest.cpp
configure:4284: $? = 0
configure:4284: result: yes
configure:4284: checking for arpa/inet.h
configure:4284: result: yes
configure:4284: checking netdb.h usability
configure:4284: g++ -c -g -O2  conftest.cpp >&5
configure:4284: $? = 0
configure:4284: result: yes
configure:4284: checking netdb.h presence
configure:4284: g++ -E  conftest.cpp
configure:4284: $? = 0
configure:4284: result: yes
configure:4284: checking for netdb.h
configure:4284: result: yes
configure:4284: checking netinet/in.h usability
configure:4284: g++ -c -g -O2  conftest.cpp >&5
configure:4284: $? = 0
configure:4284: result: yes
configure:4284: checking netinet/in.h presence
configure:4284: g++ -E  conftest.cpp
configure:4284: $? = 0
configure:4284: result: yes
configure:4284: checking for netinet/in.h
configure:4284: result: yes
configure:4284: checking stddef.h usability
configure:4284: g++ -c -g -O2  conftest.cpp >&5
configure:4284: $? = 0
configure:4284: result: yes
configure:4284: checking stddef.h presence
configure:4284: g++ -E  conftest.cpp
configure:4284: $? = 0
configure:4284: result: yes
configure:4284: checking for stddef.h
configure:4284: result: yes
configure:4284: checking for stdint.h
configure:4284: result: yes
configure:4284: checking for stdlib.h
configure:4284: result: yes
configure:4284: checking sys/socket.h usability
configure:4284: g++ -c -g -O2  conftest.cpp >&5
configure:4284: $? = 0
configure:4284: result: yes
configure:4284: checking sys/socket.h presence
configure:4284: g++ -E  conftest.cpp
configure:4284: $? = 0
configure:4284: result: yes
configure:4284: checking for sys/socket.h
configure:4284: result: yes
configure:4284: checking sys/timeb.h usability
configure:4284: g++ -c -g -O2  conftest.cpp >&5
configure:4284: $? = 0
configure:4284: result: yes
configure:4284: checking sys/timeb.h presence
configure:4284: g++ -E  conftest.cpp
configure:4284: $? = 0
configure:4284: result: yes
configure:4284: checking for sys/timeb.h
configure:4284: result: yes
configure:4296: checking for stdbool.h that conforms to C99
configure:4363: g++ -c -g -O2  conftest.cpp >&5
configure:4363: $? = 0
configure:4370: result: yes
configure:4372: checking for _Bool
configure:4372: g++ -c -g -O2  conftest.cpp >&5
conftest.cpp: In function 'int main()':
conftest.cpp:65:13: error: '_Bool' was not declared in this scope
configure:4372: $? = 1
configure: failed program was:
| /* confdefs.h */
| #define PACKAGE_NAME "TheForgottenServer"
| #define PACKAGE_TARNAME "theforgottenserver"
| #define PACKAGE_VERSION "0.4.3777"
| #define PACKAGE_STRING "TheForgottenServer 0.4.3777"
| #define PACKAGE_BUGREPORT ""
| #define PACKAGE_URL ""
| #define PACKAGE "theforgottenserver"
| #define VERSION "0.4.3777"
| #define STDC_HEADERS 1
| #define HAVE_SYS_TYPES_H 1
| #define HAVE_SYS_STAT_H 1
| #define HAVE_STDLIB_H 1
| #define HAVE_STRING_H 1
| #define HAVE_MEMORY_H 1
| #define HAVE_STRINGS_H 1
| #define HAVE_INTTYPES_H 1
| #define HAVE_STDINT_H 1
| #define HAVE_UNISTD_H 1
| #define HAVE_ARPA_INET_H 1
| #define HAVE_NETDB_H 1
| #define HAVE_NETINET_IN_H 1
| #define HAVE_STDDEF_H 1
| #define HAVE_STDINT_H 1
| #define HAVE_STDLIB_H 1
| #define HAVE_SYS_SOCKET_H 1
| #define HAVE_SYS_TIMEB_H 1
| /* end confdefs.h.  */
| #include <stdio.h>
| #ifdef HAVE_SYS_TYPES_H
| # include <sys/types.h>
| #endif
| #ifdef HAVE_SYS_STAT_H
| # include <sys/stat.h>
| #endif
| #ifdef STDC_HEADERS
| # include <stdlib.h>
| # include <stddef.h>
| #else
| # ifdef HAVE_STDLIB_H
| #  include <stdlib.h>
| # endif
| #endif
| #ifdef HAVE_STRING_H
| # if !defined STDC_HEADERS && defined HAVE_MEMORY_H
| #  include <memory.h>
| # endif
| # include <string.h>
| #endif
| #ifdef HAVE_STRINGS_H
| # include <strings.h>
| #endif
| #ifdef HAVE_INTTYPES_H
| # include <inttypes.h>
| #endif
| #ifdef HAVE_STDINT_H
| # include <stdint.h>
| #endif
| #ifdef HAVE_UNISTD_H
| # include <unistd.h>
| #endif
| int
| main ()
| {
| if (sizeof (_Bool))
| 	 return 0;
|   ;
|   return 0;
| }
configure:4372: result: no
configure:4388: checking for an ANSI C-conforming const
configure:4453: g++ -c -g -O2  conftest.cpp >&5
configure:4453: $? = 0
configure:4460: result: yes
configure:4468: checking for inline
configure:4484: g++ -c -g -O2  conftest.cpp >&5
configure:4484: $? = 0
configure:4492: result: inline
configure:4510: checking for int16_t
configure:4510: g++ -c -g -O2  conftest.cpp >&5
configure:4510: $? = 0
configure:4510: g++ -c -g -O2  conftest.cpp >&5
conftest.cpp: In function 'int main()':
conftest.cpp:68:58: error: size of array 'test_array' is negative
configure:4510: $? = 1
configure: failed program was:
| /* confdefs.h */
| #define PACKAGE_NAME "TheForgottenServer"
| #define PACKAGE_TARNAME "theforgottenserver"
| #define PACKAGE_VERSION "0.4.3777"
| #define PACKAGE_STRING "TheForgottenServer 0.4.3777"
| #define PACKAGE_BUGREPORT ""
| #define PACKAGE_URL ""
| #define PACKAGE "theforgottenserver"
| #define VERSION "0.4.3777"
| #define STDC_HEADERS 1
| #define HAVE_SYS_TYPES_H 1
| #define HAVE_SYS_STAT_H 1
| #define HAVE_STDLIB_H 1
| #define HAVE_STRING_H 1
| #define HAVE_MEMORY_H 1
| #define HAVE_STRINGS_H 1
| #define HAVE_INTTYPES_H 1
| #define HAVE_STDINT_H 1
| #define HAVE_UNISTD_H 1
| #define HAVE_ARPA_INET_H 1
| #define HAVE_NETDB_H 1
| #define HAVE_NETINET_IN_H 1
| #define HAVE_STDDEF_H 1
| #define HAVE_STDINT_H 1
| #define HAVE_STDLIB_H 1
| #define HAVE_SYS_SOCKET_H 1
| #define HAVE_SYS_TIMEB_H 1
| #define HAVE_STDBOOL_H 1
| /* end confdefs.h.  */
| #include <stdio.h>
| #ifdef HAVE_SYS_TYPES_H
| # include <sys/types.h>
| #endif
| #ifdef HAVE_SYS_STAT_H
| # include <sys/stat.h>
| #endif
| #ifdef STDC_HEADERS
| # include <stdlib.h>
| # include <stddef.h>
| #else
| # ifdef HAVE_STDLIB_H
| #  include <stdlib.h>
| # endif
| #endif
| #ifdef HAVE_STRING_H
| # if !defined STDC_HEADERS && defined HAVE_MEMORY_H
| #  include <memory.h>
| # endif
| # include <string.h>
| #endif
| #ifdef HAVE_STRINGS_H
| # include <strings.h>
| #endif
| #ifdef HAVE_INTTYPES_H
| # include <inttypes.h>
| #endif
| #ifdef HAVE_STDINT_H
| # include <stdint.h>
| #endif
| #ifdef HAVE_UNISTD_H
| # include <unistd.h>
| #endif
| 	        enum { N = 16 / 2 - 1 };
| int
| main ()
| {
| static int test_array [1 - 2 * !((int16_t) (((((int16_t) 1 << N) << N) - 1) * 2 + 1)
| 		 < (int16_t) (((((int16_t) 1 << N) << N) - 1) * 2 + 2))];
| test_array [0] = 0
| 
|   ;
|   return 0;
| }
configure:4510: result: yes
configure:4521: checking for int32_t
configure:4521: g++ -c -g -O2  conftest.cpp >&5
configure:4521: $? = 0
configure:4521: g++ -c -g -O2  conftest.cpp >&5
conftest.cpp: In function 'int main()':
conftest.cpp:68:55: warning: integer overflow in expression [-Woverflow]
conftest.cpp:68:58: error: size of array 'test_array' is negative
configure:4521: $? = 1
configure: failed program was:
| /* confdefs.h */
| #define PACKAGE_NAME "TheForgottenServer"
| #define PACKAGE_TARNAME "theforgottenserver"
| #define PACKAGE_VERSION "0.4.3777"
| #define PACKAGE_STRING "TheForgottenServer 0.4.3777"
| #define PACKAGE_BUGREPORT ""
| #define PACKAGE_URL ""
| #define PACKAGE "theforgottenserver"
| #define VERSION "0.4.3777"
| #define STDC_HEADERS 1
| #define HAVE_SYS_TYPES_H 1
| #define HAVE_SYS_STAT_H 1
| #define HAVE_STDLIB_H 1
| #define HAVE_STRING_H 1
| #define HAVE_MEMORY_H 1
| #define HAVE_STRINGS_H 1
| #define HAVE_INTTYPES_H 1
| #define HAVE_STDINT_H 1
| #define HAVE_UNISTD_H 1
| #define HAVE_ARPA_INET_H 1
| #define HAVE_NETDB_H 1
| #define HAVE_NETINET_IN_H 1
| #define HAVE_STDDEF_H 1
| #define HAVE_STDINT_H 1
| #define HAVE_STDLIB_H 1
| #define HAVE_SYS_SOCKET_H 1
| #define HAVE_SYS_TIMEB_H 1
| #define HAVE_STDBOOL_H 1
| /* end confdefs.h.  */
| #include <stdio.h>
| #ifdef HAVE_SYS_TYPES_H
| # include <sys/types.h>
| #endif
| #ifdef HAVE_SYS_STAT_H
| # include <sys/stat.h>
| #endif
| #ifdef STDC_HEADERS
| # include <stdlib.h>
| # include <stddef.h>
| #else
| # ifdef HAVE_STDLIB_H
| #  include <stdlib.h>
| # endif
| #endif
| #ifdef HAVE_STRING_H
| # if !defined STDC_HEADERS && defined HAVE_MEMORY_H
| #  include <memory.h>
| # endif
| # include <string.h>
| #endif
| #ifdef HAVE_STRINGS_H
| # include <strings.h>
| #endif
| #ifdef HAVE_INTTYPES_H
| # include <inttypes.h>
| #endif
| #ifdef HAVE_STDINT_H
| # include <stdint.h>
| #endif
| #ifdef HAVE_UNISTD_H
| # include <unistd.h>
| #endif
| 	        enum { N = 32 / 2 - 1 };
| int
| main ()
| {
| static int test_array [1 - 2 * !((int32_t) (((((int32_t) 1 << N) << N) - 1) * 2 + 1)
| 		 < (int32_t) (((((int32_t) 1 << N) << N) - 1) * 2 + 2))];
| test_array [0] = 0
| 
|   ;
|   return 0;
| }
configure:4521: result: yes
configure:4532: checking for int64_t
configure:4532: g++ -c -g -O2  conftest.cpp >&5
configure:4532: $? = 0
configure:4532: g++ -c -g -O2  conftest.cpp >&5
conftest.cpp: In function 'int main()':
conftest.cpp:68:55: warning: integer overflow in expression [-Woverflow]
conftest.cpp:68:58: error: size of array 'test_array' is negative
configure:4532: $? = 1
configure: failed program was:
| /* confdefs.h */
| #define PACKAGE_NAME "TheForgottenServer"
| #define PACKAGE_TARNAME "theforgottenserver"
| #define PACKAGE_VERSION "0.4.3777"
| #define PACKAGE_STRING "TheForgottenServer 0.4.3777"
| #define PACKAGE_BUGREPORT ""
| #define PACKAGE_URL ""
| #define PACKAGE "theforgottenserver"
| #define VERSION "0.4.3777"
| #define STDC_HEADERS 1
| #define HAVE_SYS_TYPES_H 1
| #define HAVE_SYS_STAT_H 1
| #define HAVE_STDLIB_H 1
| #define HAVE_STRING_H 1
| #define HAVE_MEMORY_H 1
| #define HAVE_STRINGS_H 1
| #define HAVE_INTTYPES_H 1
| #define HAVE_STDINT_H 1
| #define HAVE_UNISTD_H 1
| #define HAVE_ARPA_INET_H 1
| #define HAVE_NETDB_H 1
| #define HAVE_NETINET_IN_H 1
| #define HAVE_STDDEF_H 1
| #define HAVE_STDINT_H 1
| #define HAVE_STDLIB_H 1
| #define HAVE_SYS_SOCKET_H 1
| #define HAVE_SYS_TIMEB_H 1
| #define HAVE_STDBOOL_H 1
| /* end confdefs.h.  */
| #include <stdio.h>
| #ifdef HAVE_SYS_TYPES_H
| # include <sys/types.h>
| #endif
| #ifdef HAVE_SYS_STAT_H
| # include <sys/stat.h>
| #endif
| #ifdef STDC_HEADERS
| # include <stdlib.h>
| # include <stddef.h>
| #else
| # ifdef HAVE_STDLIB_H
| #  include <stdlib.h>
| # endif
| #endif
| #ifdef HAVE_STRING_H
| # if !defined STDC_HEADERS && defined HAVE_MEMORY_H
| #  include <memory.h>
| # endif
| # include <string.h>
| #endif
| #ifdef HAVE_STRINGS_H
| # include <strings.h>
| #endif
| #ifdef HAVE_INTTYPES_H
| # include <inttypes.h>
| #endif
| #ifdef HAVE_STDINT_H
| # include <stdint.h>
| #endif
| #ifdef HAVE_UNISTD_H
| # include <unistd.h>
| #endif
| 	        enum { N = 64 / 2 - 1 };
| int
| main ()
| {
| static int test_array [1 - 2 * !((int64_t) (((((int64_t) 1 << N) << N) - 1) * 2 + 1)
| 		 < (int64_t) (((((int64_t) 1 << N) << N) - 1) * 2 + 2))];
| test_array [0] = 0
| 
|   ;
|   return 0;
| }
configure:4532: result: yes
configure:4543: checking for size_t
configure:4543: g++ -c -g -O2  conftest.cpp >&5
configure:4543: $? = 0
configure:4543: g++ -c -g -O2  conftest.cpp >&5
conftest.cpp: In function 'int main()':
conftest.cpp:66:20: error: expected primary-expression before ')' token
configure:4543: $? = 1
configure: failed program was:
| /* confdefs.h */
| #define PACKAGE_NAME "TheForgottenServer"
| #define PACKAGE_TARNAME "theforgottenserver"
| #define PACKAGE_VERSION "0.4.3777"
| #define PACKAGE_STRING "TheForgottenServer 0.4.3777"
| #define PACKAGE_BUGREPORT ""
| #define PACKAGE_URL ""
| #define PACKAGE "theforgottenserver"
| #define VERSION "0.4.3777"
| #define STDC_HEADERS 1
| #define HAVE_SYS_TYPES_H 1
| #define HAVE_SYS_STAT_H 1
| #define HAVE_STDLIB_H 1
| #define HAVE_STRING_H 1
| #define HAVE_MEMORY_H 1
| #define HAVE_STRINGS_H 1
| #define HAVE_INTTYPES_H 1
| #define HAVE_STDINT_H 1
| #define HAVE_UNISTD_H 1
| #define HAVE_ARPA_INET_H 1
| #define HAVE_NETDB_H 1
| #define HAVE_NETINET_IN_H 1
| #define HAVE_STDDEF_H 1
| #define HAVE_STDINT_H 1
| #define HAVE_STDLIB_H 1
| #define HAVE_SYS_SOCKET_H 1
| #define HAVE_SYS_TIMEB_H 1
| #define HAVE_STDBOOL_H 1
| /* end confdefs.h.  */
| #include <stdio.h>
| #ifdef HAVE_SYS_TYPES_H
| # include <sys/types.h>
| #endif
| #ifdef HAVE_SYS_STAT_H
| # include <sys/stat.h>
| #endif
| #ifdef STDC_HEADERS
| # include <stdlib.h>
| # include <stddef.h>
| #else
| # ifdef HAVE_STDLIB_H
| #  include <stdlib.h>
| # endif
| #endif
| #ifdef HAVE_STRING_H
| # if !defined STDC_HEADERS && defined HAVE_MEMORY_H
| #  include <memory.h>
| # endif
| # include <string.h>
| #endif
| #ifdef HAVE_STRINGS_H
| # include <strings.h>
| #endif
| #ifdef HAVE_INTTYPES_H
| # include <inttypes.h>
| #endif
| #ifdef HAVE_STDINT_H
| # include <stdint.h>
| #endif
| #ifdef HAVE_UNISTD_H
| # include <unistd.h>
| #endif
| int
| main ()
| {
| if (sizeof ((size_t)))
| 	    return 0;
|   ;
|   return 0;
| }
configure:4543: result: yes
configure:4554: checking whether struct tm is in sys/time.h or time.h
configure:4574: g++ -c -g -O2  conftest.cpp >&5
configure:4574: $? = 0
configure:4581: result: time.h
configure:4589: checking for uint16_t
configure:4589: g++ -c -g -O2  conftest.cpp >&5
configure:4589: $? = 0
configure:4589: result: yes
configure:4601: checking for uint32_t
configure:4601: g++ -c -g -O2  conftest.cpp >&5
configure:4601: $? = 0
configure:4601: result: yes
configure:4615: checking for uint64_t
configure:4615: g++ -c -g -O2  conftest.cpp >&5
configure:4615: $? = 0
configure:4615: result: yes
configure:4629: checking for uint8_t
configure:4629: g++ -c -g -O2  conftest.cpp >&5
configure:4629: $? = 0
configure:4629: result: yes
configure:4643: checking for ptrdiff_t
configure:4643: g++ -c -g -O2  conftest.cpp >&5
configure:4643: $? = 0
configure:4643: g++ -c -g -O2  conftest.cpp >&5
conftest.cpp: In function 'int main()':
conftest.cpp:66:23: error: expected primary-expression before ')' token
configure:4643: $? = 1
configure: failed program was:
| /* confdefs.h */
| #define PACKAGE_NAME "TheForgottenServer"
| #define PACKAGE_TARNAME "theforgottenserver"
| #define PACKAGE_VERSION "0.4.3777"
| #define PACKAGE_STRING "TheForgottenServer 0.4.3777"
| #define PACKAGE_BUGREPORT ""
| #define PACKAGE_URL ""
| #define PACKAGE "theforgottenserver"
| #define VERSION "0.4.3777"
| #define STDC_HEADERS 1
| #define HAVE_SYS_TYPES_H 1
| #define HAVE_SYS_STAT_H 1
| #define HAVE_STDLIB_H 1
| #define HAVE_STRING_H 1
| #define HAVE_MEMORY_H 1
| #define HAVE_STRINGS_H 1
| #define HAVE_INTTYPES_H 1
| #define HAVE_STDINT_H 1
| #define HAVE_UNISTD_H 1
| #define HAVE_ARPA_INET_H 1
| #define HAVE_NETDB_H 1
| #define HAVE_NETINET_IN_H 1
| #define HAVE_STDDEF_H 1
| #define HAVE_STDINT_H 1
| #define HAVE_STDLIB_H 1
| #define HAVE_SYS_SOCKET_H 1
| #define HAVE_SYS_TIMEB_H 1
| #define HAVE_STDBOOL_H 1
| /* end confdefs.h.  */
| #include <stdio.h>
| #ifdef HAVE_SYS_TYPES_H
| # include <sys/types.h>
| #endif
| #ifdef HAVE_SYS_STAT_H
| # include <sys/stat.h>
| #endif
| #ifdef STDC_HEADERS
| # include <stdlib.h>
| # include <stddef.h>
| #else
| # ifdef HAVE_STDLIB_H
| #  include <stdlib.h>
| # endif
| #endif
| #ifdef HAVE_STRING_H
| # if !defined STDC_HEADERS && defined HAVE_MEMORY_H
| #  include <memory.h>
| # endif
| # include <string.h>
| #endif
| #ifdef HAVE_STRINGS_H
| # include <strings.h>
| #endif
| #ifdef HAVE_INTTYPES_H
| # include <inttypes.h>
| #endif
| #ifdef HAVE_STDINT_H
| # include <stdint.h>
| #endif
| #ifdef HAVE_UNISTD_H
| # include <unistd.h>
| #endif
| int
| main ()
| {
| if (sizeof ((ptrdiff_t)))
| 	    return 0;
|   ;
|   return 0;
| }
configure:4643: result: yes
configure:4657: checking for stdlib.h
configure:4657: result: yes
configure:4667: checking for GNU libc compatible malloc
configure:4691: g++ -o conftest -g -O2   conftest.cpp  >&5
configure:4691: $? = 0
configure:4691: ./conftest
configure:4691: $? = 0
configure:4701: result: yes
configure:4722: checking for working memcmp
configure:4765: g++ -o conftest -g -O2   conftest.cpp  >&5
configure:4765: $? = 0
configure:4765: ./conftest
configure:4765: $? = 0
configure:4775: result: yes
configure:4786: checking for stdlib.h
configure:4786: result: yes
configure:4796: checking for GNU libc compatible realloc
configure:4820: g++ -o conftest -g -O2   conftest.cpp  >&5
configure:4820: $? = 0
configure:4820: ./conftest
configure:4820: $? = 0
configure:4830: result: yes
configure:4854: checking for ceil
configure:4854: g++ -o conftest -g -O2   conftest.cpp  >&5
configure:4854: $? = 0
configure:4854: result: yes
configure:4854: checking for floor
configure:4854: g++ -o conftest -g -O2   conftest.cpp  >&5
configure:4854: $? = 0
configure:4854: result: yes
configure:4854: checking for ftime
configure:4854: g++ -o conftest -g -O2   conftest.cpp  >&5
configure:4854: $? = 0
configure:4854: result: yes
configure:4854: checking for gethostbyname
configure:4854: g++ -o conftest -g -O2   conftest.cpp  >&5
configure:4854: $? = 0
configure:4854: result: yes
configure:4854: checking for gethostname
configure:4854: g++ -o conftest -g -O2   conftest.cpp  >&5
configure:4854: $? = 0
configure:4854: result: yes
configure:4854: checking for memset
configure:4854: g++ -o conftest -g -O2   conftest.cpp  >&5
configure:4854: $? = 0
configure:4854: result: yes
configure:4854: checking for pow
configure:4854: g++ -o conftest -g -O2   conftest.cpp  >&5
configure:4854: $? = 0
configure:4854: result: yes
configure:4854: checking for sqrt
configure:4854: g++ -o conftest -g -O2   conftest.cpp  >&5
configure:4854: $? = 0
configure:4854: result: yes
configure:4854: checking for strcasecmp
configure:4854: g++ -o conftest -g -O2   conftest.cpp  >&5
configure:4854: $? = 0
configure:4854: result: yes
configure:4854: checking for strncasecmp
configure:4854: g++ -o conftest -g -O2   conftest.cpp  >&5
configure:4854: $? = 0
configure:4854: result: yes
configure:4854: checking for strstr
configure:4854: g++ -o conftest -g -O2   conftest.cpp  >&5
configure:4854: $? = 0
configure:4854: result: yes
configure:4854: checking for strtol
configure:4854: g++ -o conftest -g -O2   conftest.cpp  >&5
configure:4854: $? = 0
configure:4854: result: yes
configure:4905: checking for xml2-config
configure:4923: found /usr/bin/xml2-config
configure:4936: result: /usr/bin/xml2-config
configure:4945: checking for libxml - version >= 2.6.5
configure:5047: g++ -o conftest -g -O2  -I/usr/include/libxml2  conftest.cpp -L/usr/lib/x86_64-linux-gnu -lxml2  >&5
conftest.cpp: In function 'int main()':
conftest.cpp:60:31: warning: ignoring return value of 'int system(const char*)', declared with attribute warn_unused_result [-Wunused-result]
configure:5047: $? = 0
configure:5047: ./conftest
configure:5047: $? = 0
configure:5062: result: yes (version 2.7.8)
configure:5130: checking zlib.h usability
configure:5130: g++ -c -g -O2  conftest.cpp >&5
configure:5130: $? = 0
configure:5130: result: yes
configure:5130: checking zlib.h presence
configure:5130: g++ -E  conftest.cpp
configure:5130: $? = 0
configure:5130: result: yes
configure:5130: checking for zlib.h
configure:5130: result: yes
configure:5142: checking for main in -lz
configure:5161: g++ -o conftest -g -O2   conftest.cpp -lz   -L/usr/lib/x86_64-linux-gnu -lxml2 >&5
configure:5161: $? = 0
configure:5170: result: yes
configure:5185: checking for main in -lboost_thread-gcc-mt
configure:5204: g++ -o conftest -g -O2   conftest.cpp -lboost_thread-gcc-mt  -lz  -L/usr/lib/x86_64-linux-gnu -lxml2 >&5
/usr/bin/ld: cannot find -lboost_thread-gcc-mt
collect2: ld returned 1 exit status
configure:5204: $? = 1
configure: failed program was:
| /* confdefs.h */
| #define PACKAGE_NAME "TheForgottenServer"
| #define PACKAGE_TARNAME "theforgottenserver"
| #define PACKAGE_VERSION "0.4.3777"
| #define PACKAGE_STRING "TheForgottenServer 0.4.3777"
| #define PACKAGE_BUGREPORT ""
| #define PACKAGE_URL ""
| #define PACKAGE "theforgottenserver"
| #define VERSION "0.4.3777"
| #define STDC_HEADERS 1
| #define HAVE_SYS_TYPES_H 1
| #define HAVE_SYS_STAT_H 1
| #define HAVE_STDLIB_H 1
| #define HAVE_STRING_H 1
| #define HAVE_MEMORY_H 1
| #define HAVE_STRINGS_H 1
| #define HAVE_INTTYPES_H 1
| #define HAVE_STDINT_H 1
| #define HAVE_UNISTD_H 1
| #define HAVE_ARPA_INET_H 1
| #define HAVE_NETDB_H 1
| #define HAVE_NETINET_IN_H 1
| #define HAVE_STDDEF_H 1
| #define HAVE_STDINT_H 1
| #define HAVE_STDLIB_H 1
| #define HAVE_SYS_SOCKET_H 1
| #define HAVE_SYS_TIMEB_H 1
| #define HAVE_STDBOOL_H 1
| #define HAVE_PTRDIFF_T 1
| #define HAVE_STDLIB_H 1
| #define HAVE_MALLOC 1
| #define HAVE_STDLIB_H 1
| #define HAVE_REALLOC 1
| #define HAVE_CEIL 1
| #define HAVE_FLOOR 1
| #define HAVE_FTIME 1
| #define HAVE_GETHOSTBYNAME 1
| #define HAVE_GETHOSTNAME 1
| #define HAVE_MEMSET 1
| #define HAVE_POW 1
| #define HAVE_SQRT 1
| #define HAVE_STRCASECMP 1
| #define HAVE_STRNCASECMP 1
| #define HAVE_STRSTR 1
| #define HAVE_STRTOL 1
| #define HAVE_ZLIB_H 1
| #define HAVE_LIBZ 1
| /* end confdefs.h.  */
| 
| 
| int
| main ()
| {
| return main ();
|   ;
|   return 0;
| }
configure:5213: result: no
configure:5224: checking for main in -lboost_thread-mt
configure:5243: g++ -o conftest -g -O2   conftest.cpp -lboost_thread-mt  -lz  -L/usr/lib/x86_64-linux-gnu -lxml2 >&5
configure:5243: $? = 0
configure:5252: result: yes
configure:5313: checking for main in -lboost_regex-gcc-mt
configure:5332: g++ -o conftest -g -O2   conftest.cpp -lboost_regex-gcc-mt  -lboost_thread-mt -lz  -L/usr/lib/x86_64-linux-gnu -lxml2 >&5
/usr/bin/ld: cannot find -lboost_regex-gcc-mt
collect2: ld returned 1 exit status
configure:5332: $? = 1
configure: failed program was:
| /* confdefs.h */
| #define PACKAGE_NAME "TheForgottenServer"
| #define PACKAGE_TARNAME "theforgottenserver"
| #define PACKAGE_VERSION "0.4.3777"
| #define PACKAGE_STRING "TheForgottenServer 0.4.3777"
| #define PACKAGE_BUGREPORT ""
| #define PACKAGE_URL ""
| #define PACKAGE "theforgottenserver"
| #define VERSION "0.4.3777"
| #define STDC_HEADERS 1
| #define HAVE_SYS_TYPES_H 1
| #define HAVE_SYS_STAT_H 1
| #define HAVE_STDLIB_H 1
| #define HAVE_STRING_H 1
| #define HAVE_MEMORY_H 1
| #define HAVE_STRINGS_H 1
| #define HAVE_INTTYPES_H 1
| #define HAVE_STDINT_H 1
| #define HAVE_UNISTD_H 1
| #define HAVE_ARPA_INET_H 1
| #define HAVE_NETDB_H 1
| #define HAVE_NETINET_IN_H 1
| #define HAVE_STDDEF_H 1
| #define HAVE_STDINT_H 1
| #define HAVE_STDLIB_H 1
| #define HAVE_SYS_SOCKET_H 1
| #define HAVE_SYS_TIMEB_H 1
| #define HAVE_STDBOOL_H 1
| #define HAVE_PTRDIFF_T 1
| #define HAVE_STDLIB_H 1
| #define HAVE_MALLOC 1
| #define HAVE_STDLIB_H 1
| #define HAVE_REALLOC 1
| #define HAVE_CEIL 1
| #define HAVE_FLOOR 1
| #define HAVE_FTIME 1
| #define HAVE_GETHOSTBYNAME 1
| #define HAVE_GETHOSTNAME 1
| #define HAVE_MEMSET 1
| #define HAVE_POW 1
| #define HAVE_SQRT 1
| #define HAVE_STRCASECMP 1
| #define HAVE_STRNCASECMP 1
| #define HAVE_STRSTR 1
| #define HAVE_STRTOL 1
| #define HAVE_ZLIB_H 1
| #define HAVE_LIBZ 1
| #define HAVE_LIBBOOST_THREAD_MT 1
| /* end confdefs.h.  */
| 
| 
| int
| main ()
| {
| return main ();
|   ;
|   return 0;
| }
configure:5341: result: no
configure:5352: checking for main in -lboost_regex-mt
configure:5371: g++ -o conftest -g -O2   conftest.cpp -lboost_regex-mt  -lboost_thread-mt -lz  -L/usr/lib/x86_64-linux-gnu -lxml2 >&5
configure:5371: $? = 0
configure:5380: result: yes
configure:5441: checking for main in -lboost_system-gcc-mt
configure:5460: g++ -o conftest -g -O2   conftest.cpp -lboost_system-gcc-mt  -lboost_regex-mt -lboost_thread-mt -lz  -L/usr/lib/x86_64-linux-gnu -lxml2 >&5
/usr/bin/ld: cannot find -lboost_system-gcc-mt
collect2: ld returned 1 exit status
configure:5460: $? = 1
configure: failed program was:
| /* confdefs.h */
| #define PACKAGE_NAME "TheForgottenServer"
| #define PACKAGE_TARNAME "theforgottenserver"
| #define PACKAGE_VERSION "0.4.3777"
| #define PACKAGE_STRING "TheForgottenServer 0.4.3777"
| #define PACKAGE_BUGREPORT ""
| #define PACKAGE_URL ""
| #define PACKAGE "theforgottenserver"
| #define VERSION "0.4.3777"
| #define STDC_HEADERS 1
| #define HAVE_SYS_TYPES_H 1
| #define HAVE_SYS_STAT_H 1
| #define HAVE_STDLIB_H 1
| #define HAVE_STRING_H 1
| #define HAVE_MEMORY_H 1
| #define HAVE_STRINGS_H 1
| #define HAVE_INTTYPES_H 1
| #define HAVE_STDINT_H 1
| #define HAVE_UNISTD_H 1
| #define HAVE_ARPA_INET_H 1
| #define HAVE_NETDB_H 1
| #define HAVE_NETINET_IN_H 1
| #define HAVE_STDDEF_H 1
| #define HAVE_STDINT_H 1
| #define HAVE_STDLIB_H 1
| #define HAVE_SYS_SOCKET_H 1
| #define HAVE_SYS_TIMEB_H 1
| #define HAVE_STDBOOL_H 1
| #define HAVE_PTRDIFF_T 1
| #define HAVE_STDLIB_H 1
| #define HAVE_MALLOC 1
| #define HAVE_STDLIB_H 1
| #define HAVE_REALLOC 1
| #define HAVE_CEIL 1
| #define HAVE_FLOOR 1
| #define HAVE_FTIME 1
| #define HAVE_GETHOSTBYNAME 1
| #define HAVE_GETHOSTNAME 1
| #define HAVE_MEMSET 1
| #define HAVE_POW 1
| #define HAVE_SQRT 1
| #define HAVE_STRCASECMP 1
| #define HAVE_STRNCASECMP 1
| #define HAVE_STRSTR 1
| #define HAVE_STRTOL 1
| #define HAVE_ZLIB_H 1
| #define HAVE_LIBZ 1
| #define HAVE_LIBBOOST_THREAD_MT 1
| #define HAVE_LIBBOOST_REGEX_MT 1
| /* end confdefs.h.  */
| 
| 
| int
| main ()
| {
| return main ();
|   ;
|   return 0;
| }
configure:5469: result: no
configure:5480: checking for main in -lboost_system-mt
configure:5499: g++ -o conftest -g -O2   conftest.cpp -lboost_system-mt  -lboost_regex-mt -lboost_thread-mt -lz  -L/usr/lib/x86_64-linux-gnu -lxml2 >&5
configure:5499: $? = 0
configure:5508: result: yes
configure:5569: checking for main in -lpthread
configure:5588: g++ -o conftest -g -O2   conftest.cpp -lpthread  -lboost_system-mt -lboost_regex-mt -lboost_thread-mt -lz  -L/usr/lib/x86_64-linux-gnu -lxml2 >&5
configure:5588: $? = 0
configure:5597: result: yes
configure:5611: checking for main in -lboost_date_time-gcc-mt
configure:5630: g++ -o conftest -g -O2   conftest.cpp -lboost_date_time-gcc-mt  -lpthread -lboost_system-mt -lboost_regex-mt -lboost_thread-mt -lz  -L/usr/lib/x86_64-linux-gnu -lxml2 >&5
/usr/bin/ld: cannot find -lboost_date_time-gcc-mt
collect2: ld returned 1 exit status
configure:5630: $? = 1
configure: failed program was:
| /* confdefs.h */
| #define PACKAGE_NAME "TheForgottenServer"
| #define PACKAGE_TARNAME "theforgottenserver"
| #define PACKAGE_VERSION "0.4.3777"
| #define PACKAGE_STRING "TheForgottenServer 0.4.3777"
| #define PACKAGE_BUGREPORT ""
| #define PACKAGE_URL ""
| #define PACKAGE "theforgottenserver"
| #define VERSION "0.4.3777"
| #define STDC_HEADERS 1
| #define HAVE_SYS_TYPES_H 1
| #define HAVE_SYS_STAT_H 1
| #define HAVE_STDLIB_H 1
| #define HAVE_STRING_H 1
| #define HAVE_MEMORY_H 1
| #define HAVE_STRINGS_H 1
| #define HAVE_INTTYPES_H 1
| #define HAVE_STDINT_H 1
| #define HAVE_UNISTD_H 1
| #define HAVE_ARPA_INET_H 1
| #define HAVE_NETDB_H 1
| #define HAVE_NETINET_IN_H 1
| #define HAVE_STDDEF_H 1
| #define HAVE_STDINT_H 1
| #define HAVE_STDLIB_H 1
| #define HAVE_SYS_SOCKET_H 1
| #define HAVE_SYS_TIMEB_H 1
| #define HAVE_STDBOOL_H 1
| #define HAVE_PTRDIFF_T 1
| #define HAVE_STDLIB_H 1
| #define HAVE_MALLOC 1
| #define HAVE_STDLIB_H 1
| #define HAVE_REALLOC 1
| #define HAVE_CEIL 1
| #define HAVE_FLOOR 1
| #define HAVE_FTIME 1
| #define HAVE_GETHOSTBYNAME 1
| #define HAVE_GETHOSTNAME 1
| #define HAVE_MEMSET 1
| #define HAVE_POW 1
| #define HAVE_SQRT 1
| #define HAVE_STRCASECMP 1
| #define HAVE_STRNCASECMP 1
| #define HAVE_STRSTR 1
| #define HAVE_STRTOL 1
| #define HAVE_ZLIB_H 1
| #define HAVE_LIBZ 1
| #define HAVE_LIBBOOST_THREAD_MT 1
| #define HAVE_LIBBOOST_REGEX_MT 1
| #define HAVE_LIBBOOST_SYSTEM_MT 1
| #define HAVE_LIBPTHREAD 1
| /* end confdefs.h.  */
| 
| 
| int
| main ()
| {
| return main ();
|   ;
|   return 0;
| }
configure:5639: result: no
configure:5650: checking for main in -lboost_date_time-mt
configure:5669: g++ -o conftest -g -O2   conftest.cpp -lboost_date_time-mt  -lpthread -lboost_system-mt -lboost_regex-mt -lboost_thread-mt -lz  -L/usr/lib/x86_64-linux-gnu -lxml2 >&5
configure:5669: $? = 0
configure:5678: result: yes
configure:5739: checking for main in -lboost_filesystem-gcc-mt
configure:5758: g++ -o conftest -g -O2   conftest.cpp -lboost_filesystem-gcc-mt  -lboost_date_time-mt -lpthread -lboost_system-mt -lboost_regex-mt -lboost_thread-mt -lz  -L/usr/lib/x86_64-linux-gnu -lxml2 >&5
/usr/bin/ld: cannot find -lboost_filesystem-gcc-mt
collect2: ld returned 1 exit status
configure:5758: $? = 1
configure: failed program was:
| /* confdefs.h */
| #define PACKAGE_NAME "TheForgottenServer"
| #define PACKAGE_TARNAME "theforgottenserver"
| #define PACKAGE_VERSION "0.4.3777"
| #define PACKAGE_STRING "TheForgottenServer 0.4.3777"
| #define PACKAGE_BUGREPORT ""
| #define PACKAGE_URL ""
| #define PACKAGE "theforgottenserver"
| #define VERSION "0.4.3777"
| #define STDC_HEADERS 1
| #define HAVE_SYS_TYPES_H 1
| #define HAVE_SYS_STAT_H 1
| #define HAVE_STDLIB_H 1
| #define HAVE_STRING_H 1
| #define HAVE_MEMORY_H 1
| #define HAVE_STRINGS_H 1
| #define HAVE_INTTYPES_H 1
| #define HAVE_STDINT_H 1
| #define HAVE_UNISTD_H 1
| #define HAVE_ARPA_INET_H 1
| #define HAVE_NETDB_H 1
| #define HAVE_NETINET_IN_H 1
| #define HAVE_STDDEF_H 1
| #define HAVE_STDINT_H 1
| #define HAVE_STDLIB_H 1
| #define HAVE_SYS_SOCKET_H 1
| #define HAVE_SYS_TIMEB_H 1
| #define HAVE_STDBOOL_H 1
| #define HAVE_PTRDIFF_T 1
| #define HAVE_STDLIB_H 1
| #define HAVE_MALLOC 1
| #define HAVE_STDLIB_H 1
| #define HAVE_REALLOC 1
| #define HAVE_CEIL 1
| #define HAVE_FLOOR 1
| #define HAVE_FTIME 1
| #define HAVE_GETHOSTBYNAME 1
| #define HAVE_GETHOSTNAME 1
| #define HAVE_MEMSET 1
| #define HAVE_POW 1
| #define HAVE_SQRT 1
| #define HAVE_STRCASECMP 1
| #define HAVE_STRNCASECMP 1
| #define HAVE_STRSTR 1
| #define HAVE_STRTOL 1
| #define HAVE_ZLIB_H 1
| #define HAVE_LIBZ 1
| #define HAVE_LIBBOOST_THREAD_MT 1
| #define HAVE_LIBBOOST_REGEX_MT 1
| #define HAVE_LIBBOOST_SYSTEM_MT 1
| #define HAVE_LIBPTHREAD 1
| #define HAVE_LIBBOOST_DATE_TIME_MT 1
| /* end confdefs.h.  */
| 
| 
| int
| main ()
| {
| return main ();
|   ;
|   return 0;
| }
configure:5767: result: no
configure:5778: checking for main in -lboost_filesystem-mt
configure:5797: g++ -o conftest -g -O2   conftest.cpp -lboost_filesystem-mt  -lboost_date_time-mt -lpthread -lboost_system-mt -lboost_regex-mt -lboost_thread-mt -lz  -L/usr/lib/x86_64-linux-gnu -lxml2 >&5
configure:5797: $? = 0
configure:5806: result: yes
configure:5874: checking openssl/rsa.h usability
configure:5874: g++ -c -g -O2  conftest.cpp >&5
configure:5874: $? = 0
configure:5874: result: yes
configure:5874: checking openssl/rsa.h presence
configure:5874: g++ -E  conftest.cpp
configure:5874: $? = 0
configure:5874: result: yes
configure:5874: checking for openssl/rsa.h
configure:5874: result: yes
configure:5874: checking openssl/bn.h usability
configure:5874: g++ -c -g -O2  conftest.cpp >&5
configure:5874: $? = 0
configure:5874: result: yes
configure:5874: checking openssl/bn.h presence
configure:5874: g++ -E  conftest.cpp
configure:5874: $? = 0
configure:5874: result: yes
configure:5874: checking for openssl/bn.h
configure:5874: result: yes
configure:5874: checking openssl/err.h usability
configure:5874: g++ -c -g -O2  conftest.cpp >&5
configure:5874: $? = 0
configure:5874: result: yes
configure:5874: checking openssl/err.h presence
configure:5874: g++ -E  conftest.cpp
configure:5874: $? = 0
configure:5874: result: yes
configure:5874: checking for openssl/err.h
configure:5874: result: yes
configure:5874: checking openssl/sha.h usability
configure:5874: g++ -c -g -O2  conftest.cpp >&5
configure:5874: $? = 0
configure:5874: result: yes
configure:5874: checking openssl/sha.h presence
configure:5874: g++ -E  conftest.cpp
configure:5874: $? = 0
configure:5874: result: yes
configure:5874: checking for openssl/sha.h
configure:5874: result: yes
configure:5874: checking openssl/md5.h usability
configure:5874: g++ -c -g -O2  conftest.cpp >&5
configure:5874: $? = 0
configure:5874: result: yes
configure:5874: checking openssl/md5.h presence
configure:5874: g++ -E  conftest.cpp
configure:5874: $? = 0
configure:5874: result: yes
configure:5874: checking for openssl/md5.h
configure:5874: result: yes
configure:5886: checking for main in -lcrypto
configure:5905: g++ -o conftest -g -O2   conftest.cpp -lcrypto  -lboost_filesystem-mt -lboost_date_time-mt -lpthread -lboost_system-mt -lboost_regex-mt -lboost_thread-mt -lz  -L/usr/lib/x86_64-linux-gnu -lxml2 >&5
configure:5905: $? = 0
configure:5914: result: yes
configure:6320: checking for LUA
configure:6493: result: no
configure:6498: checking lua.h usability
configure:6498: g++ -c -g -O2  conftest.cpp >&5
conftest.cpp:94:17: fatal error: lua.h: No such file or directory
compilation terminated.
configure:6498: $? = 1
configure: failed program was:
| /* confdefs.h */
| #define PACKAGE_NAME "TheForgottenServer"
| #define PACKAGE_TARNAME "theforgottenserver"
| #define PACKAGE_VERSION "0.4.3777"
| #define PACKAGE_STRING "TheForgottenServer 0.4.3777"
| #define PACKAGE_BUGREPORT ""
| #define PACKAGE_URL ""
| #define PACKAGE "theforgottenserver"
| #define VERSION "0.4.3777"
| #define STDC_HEADERS 1
| #define HAVE_SYS_TYPES_H 1
| #define HAVE_SYS_STAT_H 1
| #define HAVE_STDLIB_H 1
| #define HAVE_STRING_H 1
| #define HAVE_MEMORY_H 1
| #define HAVE_STRINGS_H 1
| #define HAVE_INTTYPES_H 1
| #define HAVE_STDINT_H 1
| #define HAVE_UNISTD_H 1
| #define HAVE_ARPA_INET_H 1
| #define HAVE_NETDB_H 1
| #define HAVE_NETINET_IN_H 1
| #define HAVE_STDDEF_H 1
| #define HAVE_STDINT_H 1
| #define HAVE_STDLIB_H 1
| #define HAVE_SYS_SOCKET_H 1
| #define HAVE_SYS_TIMEB_H 1
| #define HAVE_STDBOOL_H 1
| #define HAVE_PTRDIFF_T 1
| #define HAVE_STDLIB_H 1
| #define HAVE_MALLOC 1
| #define HAVE_STDLIB_H 1
| #define HAVE_REALLOC 1
| #define HAVE_CEIL 1
| #define HAVE_FLOOR 1
| #define HAVE_FTIME 1
| #define HAVE_GETHOSTBYNAME 1
| #define HAVE_GETHOSTNAME 1
| #define HAVE_MEMSET 1
| #define HAVE_POW 1
| #define HAVE_SQRT 1
| #define HAVE_STRCASECMP 1
| #define HAVE_STRNCASECMP 1
| #define HAVE_STRSTR 1
| #define HAVE_STRTOL 1
| #define HAVE_ZLIB_H 1
| #define HAVE_LIBZ 1
| #define HAVE_LIBBOOST_THREAD_MT 1
| #define HAVE_LIBBOOST_REGEX_MT 1
| #define HAVE_LIBBOOST_SYSTEM_MT 1
| #define HAVE_LIBPTHREAD 1
| #define HAVE_LIBBOOST_DATE_TIME_MT 1
| #define HAVE_LIBBOOST_FILESYSTEM_MT 1
| #define HAVE_OPENSSL_RSA_H 1
| #define HAVE_OPENSSL_BN_H 1
| #define HAVE_OPENSSL_ERR_H 1
| #define HAVE_OPENSSL_SHA_H 1
| #define HAVE_OPENSSL_MD5_H 1
| #define HAVE_LIBCRYPTO 1
| /* end confdefs.h.  */
| #include <stdio.h>
| #ifdef HAVE_SYS_TYPES_H
| # include <sys/types.h>
| #endif
| #ifdef HAVE_SYS_STAT_H
| # include <sys/stat.h>
| #endif
| #ifdef STDC_HEADERS
| # include <stdlib.h>
| # include <stddef.h>
| #else
| # ifdef HAVE_STDLIB_H
| #  include <stdlib.h>
| # endif
| #endif
| #ifdef HAVE_STRING_H
| # if !defined STDC_HEADERS && defined HAVE_MEMORY_H
| #  include <memory.h>
| # endif
| # include <string.h>
| #endif
| #ifdef HAVE_STRINGS_H
| # include <strings.h>
| #endif
| #ifdef HAVE_INTTYPES_H
| # include <inttypes.h>
| #endif
| #ifdef HAVE_STDINT_H
| # include <stdint.h>
| #endif
| #ifdef HAVE_UNISTD_H
| # include <unistd.h>
| #endif
| #include <lua.h>
configure:6498: result: no
configure:6498: checking lua.h presence
configure:6498: g++ -E  conftest.cpp
conftest.cpp:61:17: fatal error: lua.h: No such file or directory
compilation terminated.
configure:6498: $? = 1
configure: failed program was:
| /* confdefs.h */
| #define PACKAGE_NAME "TheForgottenServer"
| #define PACKAGE_TARNAME "theforgottenserver"
| #define PACKAGE_VERSION "0.4.3777"
| #define PACKAGE_STRING "TheForgottenServer 0.4.3777"
| #define PACKAGE_BUGREPORT ""
| #define PACKAGE_URL ""
| #define PACKAGE "theforgottenserver"
| #define VERSION "0.4.3777"
| #define STDC_HEADERS 1
| #define HAVE_SYS_TYPES_H 1
| #define HAVE_SYS_STAT_H 1
| #define HAVE_STDLIB_H 1
| #define HAVE_STRING_H 1
| #define HAVE_MEMORY_H 1
| #define HAVE_STRINGS_H 1
| #define HAVE_INTTYPES_H 1
| #define HAVE_STDINT_H 1
| #define HAVE_UNISTD_H 1
| #define HAVE_ARPA_INET_H 1
| #define HAVE_NETDB_H 1
| #define HAVE_NETINET_IN_H 1
| #define HAVE_STDDEF_H 1
| #define HAVE_STDINT_H 1
| #define HAVE_STDLIB_H 1
| #define HAVE_SYS_SOCKET_H 1
| #define HAVE_SYS_TIMEB_H 1
| #define HAVE_STDBOOL_H 1
| #define HAVE_PTRDIFF_T 1
| #define HAVE_STDLIB_H 1
| #define HAVE_MALLOC 1
| #define HAVE_STDLIB_H 1
| #define HAVE_REALLOC 1
| #define HAVE_CEIL 1
| #define HAVE_FLOOR 1
| #define HAVE_FTIME 1
| #define HAVE_GETHOSTBYNAME 1
| #define HAVE_GETHOSTNAME 1
| #define HAVE_MEMSET 1
| #define HAVE_POW 1
| #define HAVE_SQRT 1
| #define HAVE_STRCASECMP 1
| #define HAVE_STRNCASECMP 1
| #define HAVE_STRSTR 1
| #define HAVE_STRTOL 1
| #define HAVE_ZLIB_H 1
| #define HAVE_LIBZ 1
| #define HAVE_LIBBOOST_THREAD_MT 1
| #define HAVE_LIBBOOST_REGEX_MT 1
| #define HAVE_LIBBOOST_SYSTEM_MT 1
| #define HAVE_LIBPTHREAD 1
| #define HAVE_LIBBOOST_DATE_TIME_MT 1
| #define HAVE_LIBBOOST_FILESYSTEM_MT 1
| #define HAVE_OPENSSL_RSA_H 1
| #define HAVE_OPENSSL_BN_H 1
| #define HAVE_OPENSSL_ERR_H 1
| #define HAVE_OPENSSL_SHA_H 1
| #define HAVE_OPENSSL_MD5_H 1
| #define HAVE_LIBCRYPTO 1
| /* end confdefs.h.  */
| #include <lua.h>
configure:6498: result: no
configure:6498: checking for lua.h
configure:6498: result: no
configure:6509: checking lua5.1/lua.h usability
configure:6509: g++ -c -g -O2  conftest.cpp >&5
configure:6509: $? = 0
configure:6509: result: yes
configure:6509: checking lua5.1/lua.h presence
configure:6509: g++ -E  conftest.cpp
configure:6509: $? = 0
configure:6509: result: yes
configure:6509: checking for lua5.1/lua.h
configure:6509: result: yes
configure:6526: checking for main in -llua
configure:6545: g++ -o conftest -g -O2   conftest.cpp -llua  -lcrypto -lboost_filesystem-mt -lboost_date_time-mt -lpthread -lboost_system-mt -lboost_regex-mt -lboost_thread-mt -lz  -L/usr/lib/x86_64-linux-gnu -lxml2 >&5
/usr/bin/ld: cannot find -llua
collect2: ld returned 1 exit status
configure:6545: $? = 1
configure: failed program was:
| /* confdefs.h */
| #define PACKAGE_NAME "TheForgottenServer"
| #define PACKAGE_TARNAME "theforgottenserver"
| #define PACKAGE_VERSION "0.4.3777"
| #define PACKAGE_STRING "TheForgottenServer 0.4.3777"
| #define PACKAGE_BUGREPORT ""
| #define PACKAGE_URL ""
| #define PACKAGE "theforgottenserver"
| #define VERSION "0.4.3777"
| #define STDC_HEADERS 1
| #define HAVE_SYS_TYPES_H 1
| #define HAVE_SYS_STAT_H 1
| #define HAVE_STDLIB_H 1
| #define HAVE_STRING_H 1
| #define HAVE_MEMORY_H 1
| #define HAVE_STRINGS_H 1
| #define HAVE_INTTYPES_H 1
| #define HAVE_STDINT_H 1
| #define HAVE_UNISTD_H 1
| #define HAVE_ARPA_INET_H 1
| #define HAVE_NETDB_H 1
| #define HAVE_NETINET_IN_H 1
| #define HAVE_STDDEF_H 1
| #define HAVE_STDINT_H 1
| #define HAVE_STDLIB_H 1
| #define HAVE_SYS_SOCKET_H 1
| #define HAVE_SYS_TIMEB_H 1
| #define HAVE_STDBOOL_H 1
| #define HAVE_PTRDIFF_T 1
| #define HAVE_STDLIB_H 1
| #define HAVE_MALLOC 1
| #define HAVE_STDLIB_H 1
| #define HAVE_REALLOC 1
| #define HAVE_CEIL 1
| #define HAVE_FLOOR 1
| #define HAVE_FTIME 1
| #define HAVE_GETHOSTBYNAME 1
| #define HAVE_GETHOSTNAME 1
| #define HAVE_MEMSET 1
| #define HAVE_POW 1
| #define HAVE_SQRT 1
| #define HAVE_STRCASECMP 1
| #define HAVE_STRNCASECMP 1
| #define HAVE_STRSTR 1
| #define HAVE_STRTOL 1
| #define HAVE_ZLIB_H 1
| #define HAVE_LIBZ 1
| #define HAVE_LIBBOOST_THREAD_MT 1
| #define HAVE_LIBBOOST_REGEX_MT 1
| #define HAVE_LIBBOOST_SYSTEM_MT 1
| #define HAVE_LIBPTHREAD 1
| #define HAVE_LIBBOOST_DATE_TIME_MT 1
| #define HAVE_LIBBOOST_FILESYSTEM_MT 1
| #define HAVE_OPENSSL_RSA_H 1
| #define HAVE_OPENSSL_BN_H 1
| #define HAVE_OPENSSL_ERR_H 1
| #define HAVE_OPENSSL_SHA_H 1
| #define HAVE_OPENSSL_MD5_H 1
| #define HAVE_LIBCRYPTO 1
| #define HAVE_LUA5_1_LUA_H 1
| /* end confdefs.h.  */
| 
| 
| int
| main ()
| {
| return main ();
|   ;
|   return 0;
| }
configure:6554: result: no
configure:6565: checking for main in -llua5.1
configure:6584: g++ -o conftest -g -O2   conftest.cpp -llua5.1  -lcrypto -lboost_filesystem-mt -lboost_date_time-mt -lpthread -lboost_system-mt -lboost_regex-mt -lboost_thread-mt -lz  -L/usr/lib/x86_64-linux-gnu -lxml2 >&5
configure:6584: $? = 0
configure:6593: result: yes
configure:6648: checking mysql/mysql.h usability
configure:6648: g++ -c -g -O2  conftest.cpp >&5
configure:6648: $? = 0
configure:6648: result: yes
configure:6648: checking mysql/mysql.h presence
configure:6648: g++ -E  conftest.cpp
configure:6648: $? = 0
configure:6648: result: yes
configure:6648: checking for mysql/mysql.h
configure:6648: result: yes
configure:6660: checking for main in -lmysqlclient
configure:6679: g++ -o conftest -g -O2   conftest.cpp -lmysqlclient  -llua5.1 -lcrypto -lboost_filesystem-mt -lboost_date_time-mt -lpthread -lboost_system-mt -lboost_regex-mt -lboost_thread-mt -lz  -L/usr/lib/x86_64-linux-gnu -lxml2 >&5
configure:6679: $? = 0
configure:6688: result: yes
configure:7096: creating ./config.status

## ---------------------- ##
## Running config.status. ##
## ---------------------- ##

This file was extended by TheForgottenServer config.status 0.4.3777, which was
generated by GNU Autoconf 2.68.  Invocation command line was

  CONFIG_FILES    = 
  CONFIG_HEADERS  = 
  CONFIG_LINKS    = 
  CONFIG_COMMANDS = 
  $ ./config.status 

on lucas

config.status:936: creating Makefile
config.status:936: creating config.h
config.status:1117: config.h is unchanged
config.status:1165: executing depfiles commands

## ---------------- ##
## Cache variables. ##
## ---------------- ##

ac_cv_c_const=yes
ac_cv_c_inline=inline
ac_cv_c_int16_t=yes
ac_cv_c_int32_t=yes
ac_cv_c_int64_t=yes
ac_cv_c_uint16_t=yes
ac_cv_c_uint32_t=yes
ac_cv_c_uint64_t=yes
ac_cv_c_uint8_t=yes
ac_cv_cxx_compiler_gnu=yes
ac_cv_env_CCC_set=
ac_cv_env_CCC_value=
ac_cv_env_CPPFLAGS_set=
ac_cv_env_CPPFLAGS_value=
ac_cv_env_CXXCPP_set=
ac_cv_env_CXXCPP_value=
ac_cv_env_CXXFLAGS_set=
ac_cv_env_CXXFLAGS_value=
ac_cv_env_CXX_set=
ac_cv_env_CXX_value=
ac_cv_env_LDFLAGS_set=
ac_cv_env_LDFLAGS_value=
ac_cv_env_LIBS_set=
ac_cv_env_LIBS_value=
ac_cv_env_LUA_CFLAGS_set=
ac_cv_env_LUA_CFLAGS_value=
ac_cv_env_LUA_LIBS_set=
ac_cv_env_LUA_LIBS_value=
ac_cv_env_PKG_CONFIG_LIBDIR_set=
ac_cv_env_PKG_CONFIG_LIBDIR_value=
ac_cv_env_PKG_CONFIG_PATH_set=
ac_cv_env_PKG_CONFIG_PATH_value=
ac_cv_env_PKG_CONFIG_set=
ac_cv_env_PKG_CONFIG_value=
ac_cv_env_build_alias_set=
ac_cv_env_build_alias_value=
ac_cv_env_host_alias_set=
ac_cv_env_host_alias_value=
ac_cv_env_target_alias_set=
ac_cv_env_target_alias_value=
ac_cv_func_ceil=yes
ac_cv_func_floor=yes
ac_cv_func_ftime=yes
ac_cv_func_gethostbyname=yes
ac_cv_func_gethostname=yes
ac_cv_func_malloc_0_nonnull=yes
ac_cv_func_memcmp_working=yes
ac_cv_func_memset=yes
ac_cv_func_pow=yes
ac_cv_func_realloc_0_nonnull=yes
ac_cv_func_sqrt=yes
ac_cv_func_strcasecmp=yes
ac_cv_func_strncasecmp=yes
ac_cv_func_strstr=yes
ac_cv_func_strtol=yes
ac_cv_header_arpa_inet_h=yes
ac_cv_header_inttypes_h=yes
ac_cv_header_lua5_1_lua_h=yes
ac_cv_header_lua_h=no
ac_cv_header_memory_h=yes
ac_cv_header_mysql_mysql_h=yes
ac_cv_header_netdb_h=yes
ac_cv_header_netinet_in_h=yes
ac_cv_header_openssl_bn_h=yes
ac_cv_header_openssl_err_h=yes
ac_cv_header_openssl_md5_h=yes
ac_cv_header_openssl_rsa_h=yes
ac_cv_header_openssl_sha_h=yes
ac_cv_header_stdbool_h=yes
ac_cv_header_stdc=yes
ac_cv_header_stddef_h=yes
ac_cv_header_stdint_h=yes
ac_cv_header_stdlib_h=yes
ac_cv_header_string_h=yes
ac_cv_header_strings_h=yes
ac_cv_header_sys_socket_h=yes
ac_cv_header_sys_stat_h=yes
ac_cv_header_sys_timeb_h=yes
ac_cv_header_sys_types_h=yes
ac_cv_header_unistd_h=yes
ac_cv_header_zlib_h=yes
ac_cv_lib_boost_date_time_gcc_mt_main=no
ac_cv_lib_boost_date_time_mt_main=yes
ac_cv_lib_boost_filesystem_gcc_mt_main=no
ac_cv_lib_boost_filesystem_mt_main=yes
ac_cv_lib_boost_regex_gcc_mt_main=no
ac_cv_lib_boost_regex_mt_main=yes
ac_cv_lib_boost_system_gcc_mt_main=no
ac_cv_lib_boost_system_mt_main=yes
ac_cv_lib_boost_thread_gcc_mt_main=no
ac_cv_lib_boost_thread_mt_main=yes
ac_cv_lib_crypto_main=yes
ac_cv_lib_lua5_1_main=yes
ac_cv_lib_lua_main=no
ac_cv_lib_mysqlclient_main=yes
ac_cv_lib_pthread_main=yes
ac_cv_lib_z_main=yes
ac_cv_objext=o
ac_cv_path_EGREP='/bin/grep -E'
ac_cv_path_GREP=/bin/grep
ac_cv_path_XML2_CONFIG=/usr/bin/xml2-config
ac_cv_path_install='/usr/bin/install -c'
ac_cv_path_mkdir=/bin/mkdir
ac_cv_prog_AWK=gawk
ac_cv_prog_CXXCPP='g++ -E'
ac_cv_prog_ac_ct_CXX=g++
ac_cv_prog_cxx_g=yes
ac_cv_prog_make_make_set=yes
ac_cv_struct_tm=time.h
ac_cv_type__Bool=no
ac_cv_type_ptrdiff_t=yes
ac_cv_type_size_t=yes
am_cv_CXX_dependencies_compiler_type=gcc3
am_cv_make_support_nested_variables=yes

## ----------------- ##
## Output variables. ##
## ----------------- ##

ACLOCAL='${SHELL} /home/TestesDbo/src/missing --run aclocal-1.11'
AMDEPBACKSLASH='\'
AMDEP_FALSE='#'
AMDEP_TRUE=''
AMTAR='$${TAR-tar}'
AM_BACKSLASH='\'
AM_DEFAULT_V='$(AM_DEFAULT_VERBOSITY)'
AM_DEFAULT_VERBOSITY='0'
AM_V='$(V)'
AUTOCONF='${SHELL} /home/TestesDbo/src/missing --run autoconf'
AUTOHEADER='${SHELL} /home/TestesDbo/src/missing --run autoheader'
AUTOMAKE='${SHELL} /home/TestesDbo/src/missing --run automake-1.11'
AWK='gawk'
CPPFLAGS=''
CXX='g++'
CXXCPP='g++ -E'
CXXDEPMODE='depmode=gcc3'
CXXFLAGS='-g -O2'
CYGPATH_W='echo'
DEBUG_FLAGS='-O2 -march=native -fomit-frame-pointer'
DEFS='-DHAVE_CONFIG_H'
DEPDIR='.deps'
ECHO_C=''
ECHO_N='-n'
ECHO_T=''
EGREP='/bin/grep -E'
EXEEXT=''
GREP='/bin/grep'
INSTALL_DATA='${INSTALL} -m 644'
INSTALL_PROGRAM='${INSTALL}'
INSTALL_SCRIPT='${INSTALL}'
INSTALL_STRIP_PROGRAM='$(install_sh) -c -s'
LDFLAGS=''
LIBOBJS=''
LIBS='-lmysqlclient -llua5.1 -lcrypto -lboost_filesystem-mt -lboost_date_time-mt -lpthread -lboost_system-mt -lboost_regex-mt -lboost_thread-mt -lz  -L/usr/lib/x86_64-linux-gnu -lxml2'
LOGIN_SERVER_FALSE=''
LOGIN_SERVER_TRUE='#'
LTLIBOBJS=''
LUA_CFLAGS=''
LUA_LIBS=''
MAKEINFO='${SHELL} /home/TestesDbo/src/missing --run makeinfo'
MKDIR_P='/bin/mkdir -p'
MYSQL_FLAGS='-D__USE_MYSQL__'
MYSQL_LIBS='-lmysqlclient'
OBJEXT='o'
OPTIONAL_FLAGS=' -D__ROOT_PERMISSION__ -D__ALT_LUA_PATH__'
OT_ADMIN_FALSE=''
OT_ADMIN_TRUE='#'
PACKAGE='theforgottenserver'
PACKAGE_BUGREPORT=''
PACKAGE_NAME='TheForgottenServer'
PACKAGE_STRING='TheForgottenServer 0.4.3777'
PACKAGE_TARNAME='theforgottenserver'
PACKAGE_URL=''
PACKAGE_VERSION='0.4.3777'
PATH_SEPARATOR=':'
PGSQL_FLAGS=''
PGSQL_LIBS=''
PKG_CONFIG=''
PKG_CONFIG_LIBDIR=''
PKG_CONFIG_PATH=''
PROFILER_FLAGS=''
SET_MAKE=''
SHELL='/bin/sh'
SQLITE_FLAGS=''
SQLITE_LIBS=''
STRIP=''
USE_MYSQL_FALSE='#'
USE_MYSQL_TRUE=''
USE_PGSQL_FALSE=''
USE_PGSQL_TRUE='#'
USE_SQLITE_FALSE=''
USE_SQLITE_TRUE='#'
VERSION='0.4.3777'
XML2_CONFIG='/usr/bin/xml2-config'
XML_CPPFLAGS='-I/usr/include/libxml2'
XML_LIBS='-L/usr/lib/x86_64-linux-gnu -lxml2'
ac_ct_CXX='g++'
am__EXEEXT_FALSE=''
am__EXEEXT_TRUE='#'
am__fastdepCXX_FALSE='#'
am__fastdepCXX_TRUE=''
am__include='include'
am__isrc=''
am__leading_dot='.'
am__nodep='_no'
am__quote=''
am__tar='$${TAR-tar} chof - "$$tardir"'
am__untar='$${TAR-tar} xf -'
bindir='${exec_prefix}/bin'
build_alias=''
datadir='${datarootdir}'
datarootdir='${prefix}/share'
docdir='${datarootdir}/doc/${PACKAGE_TARNAME}'
dvidir='${docdir}'
exec_prefix='${prefix}'
host_alias=''
htmldir='${docdir}'
includedir='${prefix}/include'
infodir='${datarootdir}/info'
install_sh='${SHELL} /home/TestesDbo/src/install-sh'
libdir='${exec_prefix}/lib'
libexecdir='${exec_prefix}/libexec'
localedir='${datarootdir}/locale'
localstatedir='${prefix}/var'
mandir='${datarootdir}/man'
mkdir_p='/bin/mkdir -p'
oldincludedir='/usr/include'
pdfdir='${docdir}'
prefix='/usr/local'
program_transform_name='s,x,x,'
psdir='${docdir}'
sbindir='${exec_prefix}/sbin'
sharedstatedir='${prefix}/com'
sysconfdir='${prefix}/etc'
target_alias=''

## ----------- ##
## confdefs.h. ##
## ----------- ##

/* confdefs.h */
#define PACKAGE_NAME "TheForgottenServer"
#define PACKAGE_TARNAME "theforgottenserver"
#define PACKAGE_VERSION "0.4.3777"
#define PACKAGE_STRING "TheForgottenServer 0.4.3777"
#define PACKAGE_BUGREPORT ""
#define PACKAGE_URL ""
#define PACKAGE "theforgottenserver"
#define VERSION "0.4.3777"
#define STDC_HEADERS 1
#define HAVE_SYS_TYPES_H 1
#define HAVE_SYS_STAT_H 1
#define HAVE_STDLIB_H 1
#define HAVE_STRING_H 1
#define HAVE_MEMORY_H 1
#define HAVE_STRINGS_H 1
#define HAVE_INTTYPES_H 1
#define HAVE_STDINT_H 1
#define HAVE_UNISTD_H 1
#define HAVE_ARPA_INET_H 1
#define HAVE_NETDB_H 1
#define HAVE_NETINET_IN_H 1
#define HAVE_STDDEF_H 1
#define HAVE_STDINT_H 1
#define HAVE_STDLIB_H 1
#define HAVE_SYS_SOCKET_H 1
#define HAVE_SYS_TIMEB_H 1
#define HAVE_STDBOOL_H 1
#define HAVE_PTRDIFF_T 1
#define HAVE_STDLIB_H 1
#define HAVE_MALLOC 1
#define HAVE_STDLIB_H 1
#define HAVE_REALLOC 1
#define HAVE_CEIL 1
#define HAVE_FLOOR 1
#define HAVE_FTIME 1
#define HAVE_GETHOSTBYNAME 1
#define HAVE_GETHOSTNAME 1
#define HAVE_MEMSET 1
#define HAVE_POW 1
#define HAVE_SQRT 1
#define HAVE_STRCASECMP 1
#define HAVE_STRNCASECMP 1
#define HAVE_STRSTR 1
#define HAVE_STRTOL 1
#define HAVE_ZLIB_H 1
#define HAVE_LIBZ 1
#define HAVE_LIBBOOST_THREAD_MT 1
#define HAVE_LIBBOOST_REGEX_MT 1
#define HAVE_LIBBOOST_SYSTEM_MT 1
#define HAVE_LIBPTHREAD 1
#define HAVE_LIBBOOST_DATE_TIME_MT 1
#define HAVE_LIBBOOST_FILESYSTEM_MT 1
#define HAVE_OPENSSL_RSA_H 1
#define HAVE_OPENSSL_BN_H 1
#define HAVE_OPENSSL_ERR_H 1
#define HAVE_OPENSSL_SHA_H 1
#define HAVE_OPENSSL_MD5_H 1
#define HAVE_LIBCRYPTO 1
#define HAVE_LUA5_1_LUA_H 1
#define HAVE_LIBLUA5_1 1
#define HAVE_MYSQL_MYSQL_H 1
#define HAVE_LIBMYSQLCLIENT 1

configure: exit 0
